{"C:\\Users\\大大拂晓\\Documents\\zhouqiii\\project_git\\binfen_activity\\src\\assets\\icons\\index.js": {"path":"C:\\Users\\大大拂晓\\Documents\\zhouqiii\\project_git\\binfen_activity\\src\\assets\\icons\\index.js","statementMap":{"0":{"start":{"line":5,"column":12},"end":{"line":5,"column":53}},"1":{"start":{"line":6,"column":0},"end":{"line":6,"column":20}},"2":{"start":{"line":8,"column":0},"end":{"line":8,"column":35}}},"fnMap":{},"branchMap":{},"s":{"0":0,"1":0,"2":0},"f":{},"b":{}}
,"C:\\Users\\大大拂晓\\Documents\\zhouqiii\\project_git\\binfen_activity\\src\\components\\Loading.vue": {"path":"C:\\Users\\大大拂晓\\Documents\\zhouqiii\\project_git\\binfen_activity\\src\\components\\Loading.vue","statementMap":{"0":{"start":{"line":14,"column":0},"end":{"line":14,"column":null}},"1":{"start":{"line":24,"column":0},"end":{"line":24,"column":null}}},"fnMap":{"0":{"name":"(anonymous_1)","decl":{"start":{"line":13,"column":0},"end":{"line":13,"column":null}},"loc":{"start":{"line":13,"column":0},"end":{"line":17,"column":null}}},"1":{"name":"(anonymous_2)","decl":{"start":{"line":19,"column":0},"end":{"line":19,"column":null}},"loc":{"start":{"line":19,"column":0},"end":{"line":21,"column":null}}},"2":{"name":"(anonymous_3)","decl":{"start":{"line":22,"column":0},"end":{"line":22,"column":null}},"loc":{"start":{"line":22,"column":0},"end":{"line":25,"column":null}}}},"branchMap":{},"s":{"0":0,"1":0},"f":{"0":0,"1":0,"2":0},"b":{}}
,"C:\\Users\\大大拂晓\\Documents\\zhouqiii\\project_git\\binfen_activity\\src\\components\\NavBar.vue": {"path":"C:\\Users\\大大拂晓\\Documents\\zhouqiii\\project_git\\binfen_activity\\src\\components\\NavBar.vue","statementMap":{"0":{"start":{"line":28,"column":0},"end":{"line":28,"column":null}},"1":{"start":{"line":50,"column":0},"end":{"line":50,"column":null}},"2":{"start":{"line":54,"column":0},"end":{"line":56,"column":null}},"3":{"start":{"line":55,"column":0},"end":{"line":55,"column":null}}},"fnMap":{"0":{"name":"(anonymous_1)","decl":{"start":{"line":27,"column":0},"end":{"line":27,"column":null}},"loc":{"start":{"line":27,"column":0},"end":{"line":29,"column":null}}},"1":{"name":"(anonymous_2)","decl":{"start":{"line":49,"column":0},"end":{"line":49,"column":null}},"loc":{"start":{"line":49,"column":0},"end":{"line":52,"column":null}}},"2":{"name":"(anonymous_3)","decl":{"start":{"line":53,"column":0},"end":{"line":53,"column":null}},"loc":{"start":{"line":53,"column":0},"end":{"line":57,"column":null}}}},"branchMap":{"0":{"loc":{"start":{"line":54,"column":0},"end":{"line":56,"column":null}},"type":"if","locations":[{"start":{"line":54,"column":0},"end":{"line":56,"column":null}}]}},"s":{"0":0,"1":0,"2":0,"3":0},"f":{"0":0,"1":0,"2":0},"b":{"0":[0]}}
,"C:\\Users\\大大拂晓\\Documents\\zhouqiii\\project_git\\binfen_activity\\src\\components\\SvgIcon.vue": {"path":"C:\\Users\\大大拂晓\\Documents\\zhouqiii\\project_git\\binfen_activity\\src\\components\\SvgIcon.vue","statementMap":{"0":{"start":{"line":22,"column":0},"end":{"line":22,"column":null}},"1":{"start":{"line":25,"column":0},"end":{"line":27,"column":null}},"2":{"start":{"line":26,"column":0},"end":{"line":26,"column":null}},"3":{"start":{"line":28,"column":0},"end":{"line":28,"column":null}}},"fnMap":{"0":{"name":"(anonymous_1)","decl":{"start":{"line":21,"column":0},"end":{"line":21,"column":null}},"loc":{"start":{"line":21,"column":0},"end":{"line":23,"column":null}}},"1":{"name":"(anonymous_2)","decl":{"start":{"line":24,"column":0},"end":{"line":24,"column":null}},"loc":{"start":{"line":24,"column":0},"end":{"line":29,"column":null}}}},"branchMap":{"0":{"loc":{"start":{"line":25,"column":0},"end":{"line":27,"column":null}},"type":"if","locations":[{"start":{"line":25,"column":0},"end":{"line":27,"column":null}}]}},"s":{"0":0,"1":0,"2":0,"3":0},"f":{"0":0,"1":0},"b":{"0":[0]}}
,"C:\\Users\\大大拂晓\\Documents\\zhouqiii\\project_git\\binfen_activity\\src\\components\\ActivityComponents\\Tinymce.vue": {"path":"C:\\Users\\大大拂晓\\Documents\\zhouqiii\\project_git\\binfen_activity\\src\\components\\ActivityComponents\\Tinymce.vue","statementMap":{"0":{"start":{"line":12,"column":0},"end":{"line":12,"column":null}},"1":{"start":{"line":13,"column":0},"end":{"line":13,"column":null}},"2":{"start":{"line":14,"column":0},"end":{"line":14,"column":null}},"3":{"start":{"line":15,"column":0},"end":{"line":15,"column":null}},"4":{"start":{"line":17,"column":0},"end":{"line":17,"column":null}},"5":{"start":{"line":18,"column":0},"end":{"line":18,"column":null}},"6":{"start":{"line":20,"column":0},"end":{"line":20,"column":null}},"7":{"start":{"line":21,"column":0},"end":{"line":21,"column":null}},"8":{"start":{"line":22,"column":0},"end":{"line":22,"column":null}},"9":{"start":{"line":23,"column":0},"end":{"line":23,"column":null}},"10":{"start":{"line":24,"column":0},"end":{"line":24,"column":null}},"11":{"start":{"line":25,"column":0},"end":{"line":25,"column":null}},"12":{"start":{"line":26,"column":0},"end":{"line":26,"column":null}},"13":{"start":{"line":27,"column":0},"end":{"line":27,"column":null}},"14":{"start":{"line":28,"column":0},"end":{"line":28,"column":null}},"15":{"start":{"line":29,"column":0},"end":{"line":29,"column":null}},"16":{"start":{"line":30,"column":0},"end":{"line":30,"column":null}},"17":{"start":{"line":38,"column":0},"end":{"line":38,"column":null}},"18":{"start":{"line":53,"column":0},"end":{"line":53,"column":null}}},"fnMap":{"0":{"name":"(anonymous_1)","decl":{"start":{"line":37,"column":0},"end":{"line":37,"column":null}},"loc":{"start":{"line":37,"column":0},"end":{"line":51,"column":null}}},"1":{"name":"(anonymous_2)","decl":{"start":{"line":52,"column":0},"end":{"line":52,"column":null}},"loc":{"start":{"line":52,"column":0},"end":{"line":54,"column":null}}}},"branchMap":{},"s":{"0":0,"1":0,"2":0,"3":0,"4":0,"5":0,"6":0,"7":0,"8":0,"9":0,"10":0,"11":0,"12":0,"13":0,"14":0,"15":0,"16":0,"17":0,"18":0},"f":{"0":0,"1":0},"b":{}}
,"C:\\Users\\大大拂晓\\Documents\\zhouqiii\\project_git\\binfen_activity\\src\\components\\hello-world\\hello-world.vue": {"path":"C:\\Users\\大大拂晓\\Documents\\zhouqiii\\project_git\\binfen_activity\\src\\components\\hello-world\\hello-world.vue","statementMap":{"0":{"start":{"line":11,"column":0},"end":{"line":11,"column":null}}},"fnMap":{"0":{"name":"(anonymous_1)","decl":{"start":{"line":10,"column":0},"end":{"line":10,"column":null}},"loc":{"start":{"line":10,"column":0},"end":{"line":14,"column":null}}}},"branchMap":{},"s":{"0":1},"f":{"0":1},"b":{}}
,"C:\\Users\\大大拂晓\\Documents\\zhouqiii\\project_git\\binfen_activity\\src\\store\\index.js": {"path":"C:\\Users\\大大拂晓\\Documents\\zhouqiii\\project_git\\binfen_activity\\src\\store\\index.js","statementMap":{"0":{"start":{"line":4,"column":0},"end":{"line":4,"column":14}}},"fnMap":{},"branchMap":{},"s":{"0":0},"f":{},"b":{}}
,"C:\\Users\\大大拂晓\\Documents\\zhouqiii\\project_git\\binfen_activity\\src\\utils\\commonFn.js": {"path":"C:\\Users\\大大拂晓\\Documents\\zhouqiii\\project_git\\binfen_activity\\src\\utils\\commonFn.js","statementMap":{"0":{"start":{"line":2,"column":22},"end":{"line":19,"column":1}},"1":{"start":{"line":4,"column":12},"end":{"line":4,"column":31}},"2":{"start":{"line":5,"column":12},"end":{"line":5,"column":32}},"3":{"start":{"line":6,"column":20},"end":{"line":6,"column":72}},"4":{"start":{"line":7,"column":16},"end":{"line":7,"column":58}},"5":{"start":{"line":8,"column":2},"end":{"line":14,"column":3}},"6":{"start":{"line":9,"column":4},"end":{"line":9,"column":18}},"7":{"start":{"line":10,"column":9},"end":{"line":14,"column":3}},"8":{"start":{"line":11,"column":4},"end":{"line":11,"column":14}},"9":{"start":{"line":13,"column":4},"end":{"line":13,"column":18}},"10":{"start":{"line":15,"column":2},"end":{"line":18,"column":4}},"11":{"start":{"line":22,"column":23},"end":{"line":41,"column":1}},"12":{"start":{"line":23,"column":2},"end":{"line":25,"column":3}},"13":{"start":{"line":24,"column":4},"end":{"line":24,"column":17}},"14":{"start":{"line":25,"column":4},"end":{"line":27,"column":3}},"15":{"start":{"line":26,"column":4},"end":{"line":26,"column":17}},"16":{"start":{"line":27,"column":4},"end":{"line":29,"column":3}},"17":{"start":{"line":28,"column":4},"end":{"line":28,"column":17}},"18":{"start":{"line":29,"column":4},"end":{"line":31,"column":3}},"19":{"start":{"line":30,"column":4},"end":{"line":30,"column":17}},"20":{"start":{"line":31,"column":4},"end":{"line":33,"column":3}},"21":{"start":{"line":32,"column":4},"end":{"line":32,"column":17}},"22":{"start":{"line":33,"column":4},"end":{"line":35,"column":3}},"23":{"start":{"line":34,"column":4},"end":{"line":34,"column":17}},"24":{"start":{"line":35,"column":4},"end":{"line":37,"column":3}},"25":{"start":{"line":36,"column":4},"end":{"line":36,"column":17}},"26":{"start":{"line":37,"column":4},"end":{"line":39,"column":3}},"27":{"start":{"line":38,"column":4},"end":{"line":38,"column":17}},"28":{"start":{"line":40,"column":2},"end":{"line":40,"column":14}},"29":{"start":{"line":44,"column":32},"end":{"line":74,"column":1}},"30":{"start":{"line":45,"column":14},"end":{"line":45,"column":34}},"31":{"start":{"line":46,"column":15},"end":{"line":46,"column":17}},"32":{"start":{"line":48,"column":2},"end":{"line":50,"column":3}},"33":{"start":{"line":49,"column":4},"end":{"line":49,"column":18}},"34":{"start":{"line":51,"column":21},"end":{"line":51,"column":38}},"35":{"start":{"line":52,"column":2},"end":{"line":72,"column":3}},"36":{"start":{"line":53,"column":22},"end":{"line":53,"column":24}},"37":{"start":{"line":54,"column":4},"end":{"line":66,"column":5}},"38":{"start":{"line":55,"column":6},"end":{"line":55,"column":108}},"39":{"start":{"line":56,"column":6},"end":{"line":59,"column":9}},"40":{"start":{"line":57,"column":8},"end":{"line":57,"column":30}},"41":{"start":{"line":58,"column":8},"end":{"line":58,"column":35}},"42":{"start":{"line":61,"column":6},"end":{"line":61,"column":104}},"43":{"start":{"line":62,"column":6},"end":{"line":65,"column":9}},"44":{"start":{"line":63,"column":8},"end":{"line":63,"column":30}},"45":{"start":{"line":64,"column":8},"end":{"line":64,"column":35}},"46":{"start":{"line":67,"column":4},"end":{"line":71,"column":5}},"47":{"start":{"line":68,"column":6},"end":{"line":68,"column":30}},"48":{"start":{"line":70,"column":6},"end":{"line":70,"column":30}},"49":{"start":{"line":73,"column":2},"end":{"line":73,"column":16}},"50":{"start":{"line":78,"column":24},"end":{"line":85,"column":1}},"51":{"start":{"line":79,"column":2},"end":{"line":81,"column":3}},"52":{"start":{"line":80,"column":4},"end":{"line":80,"column":13}},"53":{"start":{"line":81,"column":4},"end":{"line":83,"column":3}},"54":{"start":{"line":82,"column":4},"end":{"line":82,"column":13}},"55":{"start":{"line":84,"column":2},"end":{"line":84,"column":11}}},"fnMap":{"0":{"name":"(anonymous_0)","decl":{"start":{"line":2,"column":22},"end":{"line":2,"column":23}},"loc":{"start":{"line":2,"column":28},"end":{"line":19,"column":1}},"line":2},"1":{"name":"(anonymous_1)","decl":{"start":{"line":22,"column":23},"end":{"line":22,"column":24}},"loc":{"start":{"line":22,"column":32},"end":{"line":41,"column":1}},"line":22},"2":{"name":"(anonymous_2)","decl":{"start":{"line":44,"column":32},"end":{"line":44,"column":33}},"loc":{"start":{"line":44,"column":46},"end":{"line":74,"column":1}},"line":44},"3":{"name":"(anonymous_3)","decl":{"start":{"line":56,"column":42},"end":{"line":56,"column":43}},"loc":{"start":{"line":56,"column":52},"end":{"line":59,"column":7}},"line":56},"4":{"name":"(anonymous_4)","decl":{"start":{"line":62,"column":38},"end":{"line":62,"column":39}},"loc":{"start":{"line":62,"column":48},"end":{"line":65,"column":7}},"line":62},"5":{"name":"(anonymous_5)","decl":{"start":{"line":78,"column":24},"end":{"line":78,"column":25}},"loc":{"start":{"line":78,"column":30},"end":{"line":85,"column":1}},"line":78}},"branchMap":{"0":{"loc":{"start":{"line":6,"column":20},"end":{"line":6,"column":72}},"type":"binary-expr","locations":[{"start":{"line":6,"column":20},"end":{"line":6,"column":45}},{"start":{"line":6,"column":49},"end":{"line":6,"column":72}}],"line":6},"1":{"loc":{"start":{"line":8,"column":2},"end":{"line":14,"column":3}},"type":"if","locations":[{"start":{"line":8,"column":2},"end":{"line":14,"column":3}},{"start":{"line":10,"column":9},"end":{"line":14,"column":3}}],"line":8},"2":{"loc":{"start":{"line":10,"column":9},"end":{"line":14,"column":3}},"type":"if","locations":[{"start":{"line":10,"column":9},"end":{"line":14,"column":3}},{"start":{"line":12,"column":9},"end":{"line":14,"column":3}}],"line":10},"3":{"loc":{"start":{"line":23,"column":2},"end":{"line":25,"column":3}},"type":"if","locations":[{"start":{"line":23,"column":2},"end":{"line":25,"column":3}},{"start":{},"end":{}}],"line":23},"4":{"loc":{"start":{"line":25,"column":4},"end":{"line":27,"column":3}},"type":"if","locations":[{"start":{"line":25,"column":4},"end":{"line":27,"column":3}},{"start":{},"end":{}}],"line":25},"5":{"loc":{"start":{"line":27,"column":4},"end":{"line":29,"column":3}},"type":"if","locations":[{"start":{"line":27,"column":4},"end":{"line":29,"column":3}},{"start":{},"end":{}}],"line":27},"6":{"loc":{"start":{"line":29,"column":4},"end":{"line":31,"column":3}},"type":"if","locations":[{"start":{"line":29,"column":4},"end":{"line":31,"column":3}},{"start":{},"end":{}}],"line":29},"7":{"loc":{"start":{"line":31,"column":4},"end":{"line":33,"column":3}},"type":"if","locations":[{"start":{"line":31,"column":4},"end":{"line":33,"column":3}},{"start":{},"end":{}}],"line":31},"8":{"loc":{"start":{"line":33,"column":4},"end":{"line":35,"column":3}},"type":"if","locations":[{"start":{"line":33,"column":4},"end":{"line":35,"column":3}},{"start":{},"end":{}}],"line":33},"9":{"loc":{"start":{"line":35,"column":4},"end":{"line":37,"column":3}},"type":"if","locations":[{"start":{"line":35,"column":4},"end":{"line":37,"column":3}},{"start":{},"end":{}}],"line":35},"10":{"loc":{"start":{"line":37,"column":4},"end":{"line":39,"column":3}},"type":"if","locations":[{"start":{"line":37,"column":4},"end":{"line":39,"column":3}},{"start":{},"end":{}}],"line":37},"11":{"loc":{"start":{"line":44,"column":33},"end":{"line":44,"column":41}},"type":"default-arg","locations":[{"start":{"line":44,"column":39},"end":{"line":44,"column":41}}],"line":44},"12":{"loc":{"start":{"line":48,"column":2},"end":{"line":50,"column":3}},"type":"if","locations":[{"start":{"line":48,"column":2},"end":{"line":50,"column":3}},{"start":{},"end":{}}],"line":48},"13":{"loc":{"start":{"line":52,"column":2},"end":{"line":72,"column":3}},"type":"if","locations":[{"start":{"line":52,"column":2},"end":{"line":72,"column":3}},{"start":{},"end":{}}],"line":52},"14":{"loc":{"start":{"line":54,"column":4},"end":{"line":66,"column":5}},"type":"if","locations":[{"start":{"line":54,"column":4},"end":{"line":66,"column":5}},{"start":{"line":60,"column":11},"end":{"line":66,"column":5}}],"line":54},"15":{"loc":{"start":{"line":55,"column":21},"end":{"line":55,"column":107}},"type":"cond-expr","locations":[{"start":{"line":55,"column":55},"end":{"line":55,"column":92}},{"start":{"line":55,"column":95},"end":{"line":55,"column":107}}],"line":55},"16":{"loc":{"start":{"line":61,"column":21},"end":{"line":61,"column":103}},"type":"cond-expr","locations":[{"start":{"line":61,"column":55},"end":{"line":61,"column":88}},{"start":{"line":61,"column":91},"end":{"line":61,"column":103}}],"line":61},"17":{"loc":{"start":{"line":67,"column":4},"end":{"line":71,"column":5}},"type":"if","locations":[{"start":{"line":67,"column":4},"end":{"line":71,"column":5}},{"start":{"line":69,"column":11},"end":{"line":71,"column":5}}],"line":67},"18":{"loc":{"start":{"line":67,"column":8},"end":{"line":67,"column":29}},"type":"binary-expr","locations":[{"start":{"line":67,"column":8},"end":{"line":67,"column":11}},{"start":{"line":67,"column":15},"end":{"line":67,"column":29}}],"line":67},"19":{"loc":{"start":{"line":79,"column":2},"end":{"line":81,"column":3}},"type":"if","locations":[{"start":{"line":79,"column":2},"end":{"line":81,"column":3}},{"start":{},"end":{}}],"line":79},"20":{"loc":{"start":{"line":79,"column":6},"end":{"line":79,"column":78}},"type":"binary-expr","locations":[{"start":{"line":79,"column":6},"end":{"line":79,"column":42}},{"start":{"line":79,"column":46},"end":{"line":79,"column":78}}],"line":79},"21":{"loc":{"start":{"line":81,"column":4},"end":{"line":83,"column":3}},"type":"if","locations":[{"start":{"line":81,"column":4},"end":{"line":83,"column":3}},{"start":{},"end":{}}],"line":81}},"s":{"0":0,"1":0,"2":0,"3":0,"4":0,"5":0,"6":0,"7":0,"8":0,"9":0,"10":0,"11":0,"12":0,"13":0,"14":0,"15":0,"16":0,"17":0,"18":0,"19":0,"20":0,"21":0,"22":0,"23":0,"24":0,"25":0,"26":0,"27":0,"28":0,"29":0,"30":0,"31":0,"32":0,"33":0,"34":0,"35":0,"36":0,"37":0,"38":0,"39":0,"40":0,"41":0,"42":0,"43":0,"44":0,"45":0,"46":0,"47":0,"48":0,"49":0,"50":0,"51":0,"52":0,"53":0,"54":0,"55":0},"f":{"0":0,"1":0,"2":0,"3":0,"4":0,"5":0},"b":{"0":[0,0],"1":[0,0],"2":[0,0],"3":[0,0],"4":[0,0],"5":[0,0],"6":[0,0],"7":[0,0],"8":[0,0],"9":[0,0],"10":[0,0],"11":[0],"12":[0,0],"13":[0,0],"14":[0,0],"15":[0,0],"16":[0,0],"17":[0,0],"18":[0,0],"19":[0,0],"20":[0,0],"21":[0,0]}}
,"C:\\Users\\大大拂晓\\Documents\\zhouqiii\\project_git\\binfen_activity\\src\\utils\\request.js": {"path":"C:\\Users\\大大拂晓\\Documents\\zhouqiii\\project_git\\binfen_activity\\src\\utils\\request.js","statementMap":{"0":{"start":{"line":8,"column":19},"end":{"line":20,"column":2}},"1":{"start":{"line":21,"column":23},"end":{"line":28,"column":2}},"2":{"start":{"line":23,"column":11},"end":{"line":28,"column":2}},"3":{"start":{"line":30,"column":0},"end":{"line":36,"column":3}},"4":{"start":{"line":31,"column":20},"end":{"line":31,"column":26}},"5":{"start":{"line":32,"column":2},"end":{"line":32,"column":88}},"6":{"start":{"line":33,"column":2},"end":{"line":33,"column":19}},"7":{"start":{"line":35,"column":2},"end":{"line":35,"column":19}},"8":{"start":{"line":37,"column":0},"end":{"line":51,"column":3}},"9":{"start":{"line":38,"column":2},"end":{"line":40,"column":3}},"10":{"start":{"line":39,"column":4},"end":{"line":39,"column":20}},"11":{"start":{"line":41,"column":2},"end":{"line":41,"column":59}},"12":{"start":{"line":43,"column":2},"end":{"line":43,"column":13}},"13":{"start":{"line":45,"column":2},"end":{"line":47,"column":3}},"14":{"start":{"line":46,"column":4},"end":{"line":46,"column":55}},"15":{"start":{"line":48,"column":2},"end":{"line":48,"column":60}},"16":{"start":{"line":50,"column":2},"end":{"line":50,"column":52}}},"fnMap":{"0":{"name":"(anonymous_0)","decl":{"start":{"line":21,"column":23},"end":{"line":21,"column":24}},"loc":{"start":{"line":23,"column":11},"end":{"line":28,"column":2}},"line":23},"1":{"name":"(anonymous_1)","decl":{"start":{"line":30,"column":29},"end":{"line":30,"column":30}},"loc":{"start":{"line":30,"column":41},"end":{"line":34,"column":1}},"line":30},"2":{"name":"(anonymous_2)","decl":{"start":{"line":34,"column":3},"end":{"line":34,"column":4}},"loc":{"start":{"line":34,"column":12},"end":{"line":36,"column":1}},"line":34},"3":{"name":"(anonymous_3)","decl":{"start":{"line":37,"column":30},"end":{"line":37,"column":31}},"loc":{"start":{"line":37,"column":39},"end":{"line":44,"column":1}},"line":37},"4":{"name":"(anonymous_4)","decl":{"start":{"line":44,"column":3},"end":{"line":44,"column":4}},"loc":{"start":{"line":44,"column":14},"end":{"line":51,"column":1}},"line":44}},"branchMap":{"0":{"loc":{"start":{"line":9,"column":11},"end":{"line":9,"column":66}},"type":"cond-expr","locations":[{"start":{"line":9,"column":52},"end":{"line":9,"column":54}},{"start":{"line":9,"column":57},"end":{"line":9,"column":66}}],"line":9},"1":{"loc":{"start":{"line":21,"column":24},"end":{"line":23,"column":6}},"type":"default-arg","locations":[{"start":{"line":23,"column":4},"end":{"line":23,"column":6}}],"line":21},"2":{"loc":{"start":{"line":22,"column":2},"end":{"line":22,"column":10}},"type":"default-arg","locations":[{"start":{"line":22,"column":8},"end":{"line":22,"column":10}}],"line":22},"3":{"loc":{"start":{"line":22,"column":12},"end":{"line":22,"column":21}},"type":"default-arg","locations":[{"start":{"line":22,"column":19},"end":{"line":22,"column":21}}],"line":22},"4":{"loc":{"start":{"line":22,"column":23},"end":{"line":22,"column":34}},"type":"default-arg","locations":[{"start":{"line":22,"column":32},"end":{"line":22,"column":34}}],"line":22},"5":{"loc":{"start":{"line":22,"column":36},"end":{"line":22,"column":51}},"type":"default-arg","locations":[{"start":{"line":22,"column":45},"end":{"line":22,"column":51}}],"line":22},"6":{"loc":{"start":{"line":38,"column":2},"end":{"line":40,"column":3}},"type":"if","locations":[{"start":{"line":38,"column":2},"end":{"line":40,"column":3}},{"start":{},"end":{}}],"line":38},"7":{"loc":{"start":{"line":45,"column":2},"end":{"line":47,"column":3}},"type":"if","locations":[{"start":{"line":45,"column":2},"end":{"line":47,"column":3}},{"start":{},"end":{}}],"line":45}},"s":{"0":0,"1":0,"2":0,"3":0,"4":0,"5":0,"6":0,"7":0,"8":0,"9":0,"10":0,"11":0,"12":0,"13":0,"14":0,"15":0,"16":0},"f":{"0":0,"1":0,"2":0,"3":0,"4":0},"b":{"0":[0,0],"1":[0],"2":[0],"3":[0],"4":[0],"5":[0],"6":[0,0],"7":[0,0]}}
,"C:\\Users\\大大拂晓\\Documents\\zhouqiii\\project_git\\binfen_activity\\src\\views\\Activity.vue": {"path":"C:\\Users\\大大拂晓\\Documents\\zhouqiii\\project_git\\binfen_activity\\src\\views\\Activity.vue","statementMap":{"0":{"start":{"line":123,"column":0},"end":{"line":123,"column":null}},"1":{"start":{"line":128,"column":0},"end":{"line":128,"column":null}},"2":{"start":{"line":149,"column":0},"end":{"line":149,"column":null}},"3":{"start":{"line":150,"column":0},"end":{"line":163,"column":null}},"4":{"start":{"line":159,"column":0},"end":{"line":159,"column":null}},"5":{"start":{"line":160,"column":0},"end":{"line":160,"column":null}},"6":{"start":{"line":162,"column":0},"end":{"line":162,"column":null}},"7":{"start":{"line":167,"column":0},"end":{"line":169,"column":null}},"8":{"start":{"line":168,"column":0},"end":{"line":168,"column":null}},"9":{"start":{"line":170,"column":0},"end":{"line":170,"column":null}},"10":{"start":{"line":171,"column":0},"end":{"line":171,"column":null}},"11":{"start":{"line":172,"column":0},"end":{"line":172,"column":null}},"12":{"start":{"line":173,"column":0},"end":{"line":173,"column":null}},"13":{"start":{"line":174,"column":0},"end":{"line":176,"column":null}},"14":{"start":{"line":175,"column":0},"end":{"line":175,"column":null}},"15":{"start":{"line":177,"column":0},"end":{"line":177,"column":null}},"16":{"start":{"line":181,"column":0},"end":{"line":181,"column":null}},"17":{"start":{"line":182,"column":0},"end":{"line":188,"column":null}},"18":{"start":{"line":183,"column":0},"end":{"line":183,"column":null}},"19":{"start":{"line":184,"column":0},"end":{"line":184,"column":null}},"20":{"start":{"line":185,"column":0},"end":{"line":187,"column":null}},"21":{"start":{"line":186,"column":0},"end":{"line":186,"column":null}},"22":{"start":{"line":189,"column":0},"end":{"line":206,"column":null}},"23":{"start":{"line":190,"column":0},"end":{"line":190,"column":null}},"24":{"start":{"line":191,"column":0},"end":{"line":203,"column":null}},"25":{"start":{"line":192,"column":0},"end":{"line":192,"column":null}},"26":{"start":{"line":193,"column":0},"end":{"line":193,"column":null}},"27":{"start":{"line":194,"column":0},"end":{"line":194,"column":null}},"28":{"start":{"line":195,"column":0},"end":{"line":201,"column":null}},"29":{"start":{"line":196,"column":0},"end":{"line":196,"column":null}},"30":{"start":{"line":197,"column":0},"end":{"line":197,"column":null}},"31":{"start":{"line":199,"column":0},"end":{"line":199,"column":null}},"32":{"start":{"line":200,"column":0},"end":{"line":200,"column":null}},"33":{"start":{"line":202,"column":0},"end":{"line":202,"column":null}},"34":{"start":{"line":205,"column":0},"end":{"line":205,"column":null}},"35":{"start":{"line":210,"column":0},"end":{"line":219,"column":null}},"36":{"start":{"line":211,"column":0},"end":{"line":211,"column":null}},"37":{"start":{"line":218,"column":0},"end":{"line":218,"column":null}},"38":{"start":{"line":223,"column":0},"end":{"line":223,"column":null}},"39":{"start":{"line":224,"column":0},"end":{"line":224,"column":null}},"40":{"start":{"line":225,"column":0},"end":{"line":225,"column":null}},"41":{"start":{"line":226,"column":0},"end":{"line":226,"column":null}},"42":{"start":{"line":227,"column":0},"end":{"line":227,"column":null}},"43":{"start":{"line":228,"column":0},"end":{"line":228,"column":null}},"44":{"start":{"line":229,"column":0},"end":{"line":250,"column":null}},"45":{"start":{"line":235,"column":0},"end":{"line":235,"column":null}},"46":{"start":{"line":236,"column":0},"end":{"line":236,"column":null}},"47":{"start":{"line":237,"column":0},"end":{"line":244,"column":null}},"48":{"start":{"line":238,"column":0},"end":{"line":238,"column":null}},"49":{"start":{"line":239,"column":0},"end":{"line":239,"column":null}},"50":{"start":{"line":241,"column":0},"end":{"line":241,"column":null}},"51":{"start":{"line":242,"column":0},"end":{"line":242,"column":null}},"52":{"start":{"line":243,"column":0},"end":{"line":243,"column":null}},"53":{"start":{"line":246,"column":0},"end":{"line":246,"column":null}},"54":{"start":{"line":247,"column":0},"end":{"line":247,"column":null}},"55":{"start":{"line":248,"column":0},"end":{"line":248,"column":null}},"56":{"start":{"line":249,"column":0},"end":{"line":249,"column":null}},"57":{"start":{"line":254,"column":0},"end":{"line":254,"column":null}},"58":{"start":{"line":255,"column":0},"end":{"line":255,"column":null}},"59":{"start":{"line":259,"column":0},"end":{"line":259,"column":null}},"60":{"start":{"line":260,"column":0},"end":{"line":260,"column":null}},"61":{"start":{"line":263,"column":0},"end":{"line":263,"column":null}},"62":{"start":{"line":267,"column":0},"end":{"line":267,"column":null}}},"fnMap":{"0":{"name":"(anonymous_1)","decl":{"start":{"line":127,"column":0},"end":{"line":127,"column":null}},"loc":{"start":{"line":127,"column":0},"end":{"line":145,"column":null}}},"1":{"name":"(anonymous_2)","decl":{"start":{"line":148,"column":0},"end":{"line":148,"column":null}},"loc":{"start":{"line":148,"column":0},"end":{"line":164,"column":null}}},"2":{"name":"(anonymous_3)","decl":{"start":{"line":150,"column":0},"end":{"line":150,"column":null}},"loc":{"start":{"line":150,"column":0},"end":{"line":161,"column":null}}},"3":{"name":"(anonymous_4)","decl":{"start":{"line":161,"column":0},"end":{"line":161,"column":null}},"loc":{"start":{"line":161,"column":0},"end":{"line":163,"column":null}}},"4":{"name":"(anonymous_5)","decl":{"start":{"line":166,"column":0},"end":{"line":166,"column":null}},"loc":{"start":{"line":166,"column":0},"end":{"line":178,"column":null}}},"5":{"name":"(anonymous_6)","decl":{"start":{"line":174,"column":0},"end":{"line":174,"column":null}},"loc":{"start":{"line":174,"column":0},"end":{"line":176,"column":null}}},"6":{"name":"(anonymous_7)","decl":{"start":{"line":180,"column":0},"end":{"line":180,"column":null}},"loc":{"start":{"line":180,"column":0},"end":{"line":207,"column":null}}},"7":{"name":"(anonymous_8)","decl":{"start":{"line":191,"column":0},"end":{"line":191,"column":null}},"loc":{"start":{"line":191,"column":0},"end":{"line":203,"column":null}}},"8":{"name":"(anonymous_9)","decl":{"start":{"line":209,"column":0},"end":{"line":209,"column":null}},"loc":{"start":{"line":209,"column":0},"end":{"line":220,"column":null}}},"9":{"name":"(anonymous_10)","decl":{"start":{"line":222,"column":0},"end":{"line":222,"column":null}},"loc":{"start":{"line":222,"column":0},"end":{"line":251,"column":null}}},"10":{"name":"(anonymous_11)","decl":{"start":{"line":229,"column":0},"end":{"line":229,"column":null}},"loc":{"start":{"line":229,"column":0},"end":{"line":245,"column":null}}},"11":{"name":"(anonymous_12)","decl":{"start":{"line":245,"column":0},"end":{"line":245,"column":null}},"loc":{"start":{"line":245,"column":0},"end":{"line":250,"column":null}}},"12":{"name":"(anonymous_13)","decl":{"start":{"line":253,"column":0},"end":{"line":253,"column":null}},"loc":{"start":{"line":253,"column":0},"end":{"line":256,"column":null}}},"13":{"name":"(anonymous_14)","decl":{"start":{"line":258,"column":0},"end":{"line":258,"column":null}},"loc":{"start":{"line":258,"column":0},"end":{"line":261,"column":null}}},"14":{"name":"(anonymous_15)","decl":{"start":{"line":262,"column":0},"end":{"line":262,"column":null}},"loc":{"start":{"line":262,"column":0},"end":{"line":264,"column":null}}},"15":{"name":"(anonymous_16)","decl":{"start":{"line":266,"column":0},"end":{"line":266,"column":null}},"loc":{"start":{"line":266,"column":0},"end":{"line":268,"column":null}}}},"branchMap":{"0":{"loc":{"start":{"line":167,"column":0},"end":{"line":169,"column":null}},"type":"if","locations":[{"start":{"line":167,"column":0},"end":{"line":169,"column":null}}]},"1":{"loc":{"start":{"line":172,"column":0},"end":{"line":172,"column":null}},"type":"cond-expr","locations":[{"start":{"line":172,"column":0},"end":{"line":172,"column":null}},{"start":{"line":172,"column":0},"end":{"line":172,"column":null}}]},"2":{"loc":{"start":{"line":173,"column":0},"end":{"line":173,"column":null}},"type":"cond-expr","locations":[{"start":{"line":173,"column":0},"end":{"line":173,"column":null}},{"start":{"line":173,"column":0},"end":{"line":173,"column":null}}]},"3":{"loc":{"start":{"line":182,"column":0},"end":{"line":188,"column":null}},"type":"if","locations":[{"start":{"line":182,"column":0},"end":{"line":188,"column":null}}]},"4":{"loc":{"start":{"line":185,"column":0},"end":{"line":187,"column":null}},"type":"if","locations":[{"start":{"line":185,"column":0},"end":{"line":187,"column":null}}]},"5":{"loc":{"start":{"line":189,"column":0},"end":{"line":206,"column":null}},"type":"if","locations":[{"start":{"line":189,"column":0},"end":{"line":206,"column":null}},{"start":{"line":204,"column":0},"end":{"line":206,"column":null}}]},"6":{"loc":{"start":{"line":195,"column":0},"end":{"line":201,"column":null}},"type":"if","locations":[{"start":{"line":195,"column":0},"end":{"line":201,"column":null}},{"start":{"line":198,"column":0},"end":{"line":201,"column":null}}]},"7":{"loc":{"start":{"line":210,"column":0},"end":{"line":219,"column":null}},"type":"if","locations":[{"start":{"line":210,"column":0},"end":{"line":219,"column":null}},{"start":{"line":217,"column":0},"end":{"line":219,"column":null}}]},"8":{"loc":{"start":{"line":225,"column":0},"end":{"line":225,"column":null}},"type":"cond-expr","locations":[{"start":{"line":225,"column":0},"end":{"line":225,"column":null}},{"start":{"line":225,"column":0},"end":{"line":225,"column":null}}]},"9":{"loc":{"start":{"line":237,"column":0},"end":{"line":244,"column":null}},"type":"if","locations":[{"start":{"line":237,"column":0},"end":{"line":244,"column":null}},{"start":{"line":240,"column":0},"end":{"line":244,"column":null}}]},"10":{"loc":{"start":{"line":239,"column":0},"end":{"line":239,"column":null}},"type":"cond-expr","locations":[{"start":{"line":239,"column":0},"end":{"line":239,"column":null}},{"start":{"line":239,"column":0},"end":{"line":239,"column":null}}]},"11":{"loc":{"start":{"line":242,"column":0},"end":{"line":242,"column":null}},"type":"cond-expr","locations":[{"start":{"line":242,"column":0},"end":{"line":242,"column":null}},{"start":{"line":242,"column":0},"end":{"line":242,"column":null}}]},"12":{"loc":{"start":{"line":248,"column":0},"end":{"line":248,"column":null}},"type":"cond-expr","locations":[{"start":{"line":248,"column":0},"end":{"line":248,"column":null}},{"start":{"line":248,"column":0},"end":{"line":248,"column":null}}]}},"s":{"0":0,"1":0,"2":0,"3":0,"4":0,"5":0,"6":0,"7":0,"8":0,"9":0,"10":0,"11":0,"12":0,"13":0,"14":0,"15":0,"16":0,"17":0,"18":0,"19":0,"20":0,"21":0,"22":0,"23":0,"24":0,"25":0,"26":0,"27":0,"28":0,"29":0,"30":0,"31":0,"32":0,"33":0,"34":0,"35":0,"36":0,"37":0,"38":0,"39":0,"40":0,"41":0,"42":0,"43":0,"44":0,"45":0,"46":0,"47":0,"48":0,"49":0,"50":0,"51":0,"52":0,"53":0,"54":0,"55":0,"56":0,"57":0,"58":0,"59":0,"60":0,"61":0,"62":0},"f":{"0":0,"1":0,"2":0,"3":0,"4":0,"5":0,"6":0,"7":0,"8":0,"9":0,"10":0,"11":0,"12":0,"13":0,"14":0,"15":0},"b":{"0":[0],"1":[0,0],"2":[0,0],"3":[0],"4":[0],"5":[0,0],"6":[0,0],"7":[0,0],"8":[0,0],"9":[0,0],"10":[0,0],"11":[0,0],"12":[0,0]}}
,"C:\\Users\\大大拂晓\\Documents\\zhouqiii\\project_git\\binfen_activity\\src\\views\\ActivityConfig.vue": {"path":"C:\\Users\\大大拂晓\\Documents\\zhouqiii\\project_git\\binfen_activity\\src\\views\\ActivityConfig.vue","statementMap":{"0":{"start":{"line":173,"column":0},"end":{"line":173,"column":null}},"1":{"start":{"line":178,"column":0},"end":{"line":178,"column":null}},"2":{"start":{"line":210,"column":0},"end":{"line":212,"column":null}},"3":{"start":{"line":211,"column":0},"end":{"line":211,"column":null}},"4":{"start":{"line":213,"column":0},"end":{"line":213,"column":null}},"5":{"start":{"line":214,"column":0},"end":{"line":214,"column":null}},"6":{"start":{"line":215,"column":0},"end":{"line":215,"column":null}},"7":{"start":{"line":216,"column":0},"end":{"line":216,"column":null}},"8":{"start":{"line":217,"column":0},"end":{"line":217,"column":null}},"9":{"start":{"line":221,"column":0},"end":{"line":231,"column":null}},"10":{"start":{"line":222,"column":0},"end":{"line":222,"column":null}},"11":{"start":{"line":227,"column":0},"end":{"line":227,"column":null}},"12":{"start":{"line":228,"column":0},"end":{"line":230,"column":null}},"13":{"start":{"line":229,"column":0},"end":{"line":229,"column":null}},"14":{"start":{"line":235,"column":0},"end":{"line":235,"column":null}},"15":{"start":{"line":236,"column":0},"end":{"line":236,"column":null}},"16":{"start":{"line":237,"column":0},"end":{"line":237,"column":null}},"17":{"start":{"line":241,"column":0},"end":{"line":241,"column":null}},"18":{"start":{"line":242,"column":0},"end":{"line":244,"column":null}},"19":{"start":{"line":243,"column":0},"end":{"line":243,"column":null}},"20":{"start":{"line":247,"column":0},"end":{"line":247,"column":null}},"21":{"start":{"line":248,"column":0},"end":{"line":248,"column":null}},"22":{"start":{"line":249,"column":0},"end":{"line":249,"column":null}},"23":{"start":{"line":250,"column":0},"end":{"line":250,"column":null}},"24":{"start":{"line":254,"column":0},"end":{"line":254,"column":null}},"25":{"start":{"line":255,"column":0},"end":{"line":255,"column":null}},"26":{"start":{"line":256,"column":0},"end":{"line":256,"column":null}},"27":{"start":{"line":257,"column":0},"end":{"line":257,"column":null}},"28":{"start":{"line":258,"column":0},"end":{"line":258,"column":null}},"29":{"start":{"line":259,"column":0},"end":{"line":259,"column":null}},"30":{"start":{"line":260,"column":0},"end":{"line":260,"column":null}},"31":{"start":{"line":261,"column":0},"end":{"line":268,"column":null}},"32":{"start":{"line":262,"column":0},"end":{"line":262,"column":null}},"33":{"start":{"line":263,"column":0},"end":{"line":267,"column":null}},"34":{"start":{"line":264,"column":0},"end":{"line":266,"column":null}},"35":{"start":{"line":265,"column":0},"end":{"line":265,"column":null}},"36":{"start":{"line":269,"column":0},"end":{"line":277,"column":null}},"37":{"start":{"line":269,"column":0},"end":{"line":269,"column":null}},"38":{"start":{"line":270,"column":0},"end":{"line":270,"column":null}},"39":{"start":{"line":271,"column":0},"end":{"line":271,"column":null}},"40":{"start":{"line":272,"column":0},"end":{"line":276,"column":null}},"41":{"start":{"line":273,"column":0},"end":{"line":273,"column":null}},"42":{"start":{"line":274,"column":0},"end":{"line":276,"column":null}},"43":{"start":{"line":275,"column":0},"end":{"line":275,"column":null}},"44":{"start":{"line":278,"column":0},"end":{"line":281,"column":null}},"45":{"start":{"line":278,"column":0},"end":{"line":278,"column":null}},"46":{"start":{"line":279,"column":0},"end":{"line":279,"column":null}},"47":{"start":{"line":280,"column":0},"end":{"line":280,"column":null}},"48":{"start":{"line":282,"column":0},"end":{"line":311,"column":null}},"49":{"start":{"line":283,"column":0},"end":{"line":283,"column":null}},"50":{"start":{"line":285,"column":0},"end":{"line":285,"column":null}},"51":{"start":{"line":286,"column":0},"end":{"line":310,"column":null}},"52":{"start":{"line":287,"column":0},"end":{"line":287,"column":null}},"53":{"start":{"line":288,"column":0},"end":{"line":310,"column":null}},"54":{"start":{"line":289,"column":0},"end":{"line":289,"column":null}},"55":{"start":{"line":290,"column":0},"end":{"line":310,"column":null}},"56":{"start":{"line":291,"column":0},"end":{"line":291,"column":null}},"57":{"start":{"line":292,"column":0},"end":{"line":310,"column":null}},"58":{"start":{"line":293,"column":0},"end":{"line":293,"column":null}},"59":{"start":{"line":294,"column":0},"end":{"line":310,"column":null}},"60":{"start":{"line":295,"column":0},"end":{"line":295,"column":null}},"61":{"start":{"line":296,"column":0},"end":{"line":310,"column":null}},"62":{"start":{"line":297,"column":0},"end":{"line":297,"column":null}},"63":{"start":{"line":298,"column":0},"end":{"line":310,"column":null}},"64":{"start":{"line":299,"column":0},"end":{"line":299,"column":null}},"65":{"start":{"line":301,"column":0},"end":{"line":309,"column":null}},"66":{"start":{"line":301,"column":0},"end":{"line":301,"column":null}},"67":{"start":{"line":302,"column":0},"end":{"line":308,"column":null}},"68":{"start":{"line":303,"column":0},"end":{"line":303,"column":null}},"69":{"start":{"line":304,"column":0},"end":{"line":304,"column":null}},"70":{"start":{"line":305,"column":0},"end":{"line":308,"column":null}},"71":{"start":{"line":306,"column":0},"end":{"line":306,"column":null}},"72":{"start":{"line":307,"column":0},"end":{"line":307,"column":null}},"73":{"start":{"line":314,"column":0},"end":{"line":334,"column":null}},"74":{"start":{"line":321,"column":0},"end":{"line":321,"column":null}},"75":{"start":{"line":322,"column":0},"end":{"line":322,"column":null}},"76":{"start":{"line":323,"column":0},"end":{"line":330,"column":null}},"77":{"start":{"line":324,"column":0},"end":{"line":324,"column":null}},"78":{"start":{"line":325,"column":0},"end":{"line":325,"column":null}},"79":{"start":{"line":326,"column":0},"end":{"line":330,"column":null}},"80":{"start":{"line":327,"column":0},"end":{"line":327,"column":null}},"81":{"start":{"line":329,"column":0},"end":{"line":329,"column":null}},"82":{"start":{"line":333,"column":0},"end":{"line":333,"column":null}},"83":{"start":{"line":339,"column":0},"end":{"line":345,"column":null}},"84":{"start":{"line":340,"column":0},"end":{"line":340,"column":null}},"85":{"start":{"line":341,"column":0},"end":{"line":341,"column":null}},"86":{"start":{"line":343,"column":0},"end":{"line":343,"column":null}},"87":{"start":{"line":344,"column":0},"end":{"line":344,"column":null}}},"fnMap":{"0":{"name":"(anonymous_1)","decl":{"start":{"line":177,"column":0},"end":{"line":177,"column":null}},"loc":{"start":{"line":177,"column":0},"end":{"line":206,"column":null}}},"1":{"name":"(anonymous_2)","decl":{"start":{"line":209,"column":0},"end":{"line":209,"column":null}},"loc":{"start":{"line":209,"column":0},"end":{"line":218,"column":null}}},"2":{"name":"(anonymous_3)","decl":{"start":{"line":210,"column":0},"end":{"line":210,"column":null}},"loc":{"start":{"line":210,"column":0},"end":{"line":212,"column":null}}},"3":{"name":"(anonymous_4)","decl":{"start":{"line":220,"column":0},"end":{"line":220,"column":null}},"loc":{"start":{"line":220,"column":0},"end":{"line":232,"column":null}}},"4":{"name":"(anonymous_5)","decl":{"start":{"line":234,"column":0},"end":{"line":234,"column":null}},"loc":{"start":{"line":234,"column":0},"end":{"line":238,"column":null}}},"5":{"name":"(anonymous_6)","decl":{"start":{"line":240,"column":0},"end":{"line":240,"column":null}},"loc":{"start":{"line":240,"column":0},"end":{"line":245,"column":null}}},"6":{"name":"(anonymous_7)","decl":{"start":{"line":246,"column":0},"end":{"line":246,"column":null}},"loc":{"start":{"line":246,"column":0},"end":{"line":251,"column":null}}},"7":{"name":"(anonymous_8)","decl":{"start":{"line":253,"column":0},"end":{"line":253,"column":null}},"loc":{"start":{"line":253,"column":0},"end":{"line":312,"column":null}}},"8":{"name":"(anonymous_9)","decl":{"start":{"line":261,"column":0},"end":{"line":261,"column":null}},"loc":{"start":{"line":261,"column":0},"end":{"line":268,"column":null}}},"9":{"name":"(anonymous_10)","decl":{"start":{"line":278,"column":0},"end":{"line":278,"column":null}},"loc":{"start":{"line":278,"column":0},"end":{"line":278,"column":null}}},"10":{"name":"(anonymous_11)","decl":{"start":{"line":313,"column":0},"end":{"line":313,"column":null}},"loc":{"start":{"line":313,"column":0},"end":{"line":335,"column":null}}},"11":{"name":"(anonymous_12)","decl":{"start":{"line":314,"column":0},"end":{"line":314,"column":null}},"loc":{"start":{"line":314,"column":0},"end":{"line":331,"column":null}}},"12":{"name":"(anonymous_13)","decl":{"start":{"line":331,"column":0},"end":{"line":331,"column":null}},"loc":{"start":{"line":331,"column":0},"end":{"line":334,"column":null}}},"13":{"name":"(anonymous_14)","decl":{"start":{"line":337,"column":0},"end":{"line":337,"column":null}},"loc":{"start":{"line":337,"column":0},"end":{"line":346,"column":null}}}},"branchMap":{"0":{"loc":{"start":{"line":213,"column":0},"end":{"line":213,"column":null}},"type":"cond-expr","locations":[{"start":{"line":213,"column":0},"end":{"line":213,"column":null}},{"start":{"line":213,"column":0},"end":{"line":213,"column":null}}]},"1":{"loc":{"start":{"line":221,"column":0},"end":{"line":231,"column":null}},"type":"if","locations":[{"start":{"line":221,"column":0},"end":{"line":231,"column":null}},{"start":{"line":226,"column":0},"end":{"line":231,"column":null}}]},"2":{"loc":{"start":{"line":228,"column":0},"end":{"line":230,"column":null}},"type":"if","locations":[{"start":{"line":228,"column":0},"end":{"line":230,"column":null}}]},"3":{"loc":{"start":{"line":236,"column":0},"end":{"line":236,"column":null}},"type":"cond-expr","locations":[{"start":{"line":236,"column":0},"end":{"line":236,"column":null}},{"start":{"line":236,"column":0},"end":{"line":236,"column":null}}]},"4":{"loc":{"start":{"line":242,"column":0},"end":{"line":244,"column":null}},"type":"if","locations":[{"start":{"line":242,"column":0},"end":{"line":244,"column":null}}]},"5":{"loc":{"start":{"line":248,"column":0},"end":{"line":248,"column":null}},"type":"cond-expr","locations":[{"start":{"line":248,"column":0},"end":{"line":248,"column":null}},{"start":{"line":248,"column":0},"end":{"line":248,"column":null}}]},"6":{"loc":{"start":{"line":249,"column":0},"end":{"line":249,"column":null}},"type":"cond-expr","locations":[{"start":{"line":249,"column":0},"end":{"line":249,"column":null}},{"start":{"line":249,"column":0},"end":{"line":249,"column":null}}]},"7":{"loc":{"start":{"line":263,"column":0},"end":{"line":267,"column":null}},"type":"if","locations":[{"start":{"line":263,"column":0},"end":{"line":267,"column":null}}]},"8":{"loc":{"start":{"line":263,"column":0},"end":{"line":263,"column":null}},"type":"binary-expr","locations":[{"start":{"line":263,"column":0},"end":{"line":263,"column":null}},{"start":{"line":263,"column":0},"end":{"line":263,"column":null}},{"start":{"line":263,"column":0},"end":{"line":263,"column":null}}]},"9":{"loc":{"start":{"line":264,"column":0},"end":{"line":266,"column":null}},"type":"if","locations":[{"start":{"line":264,"column":0},"end":{"line":266,"column":null}}]},"10":{"loc":{"start":{"line":264,"column":0},"end":{"line":264,"column":null}},"type":"binary-expr","locations":[{"start":{"line":264,"column":0},"end":{"line":264,"column":null}},{"start":{"line":264,"column":0},"end":{"line":264,"column":null}}]},"11":{"loc":{"start":{"line":272,"column":0},"end":{"line":276,"column":null}},"type":"if","locations":[{"start":{"line":272,"column":0},"end":{"line":276,"column":null}},{"start":{"line":274,"column":0},"end":{"line":276,"column":null}}]},"12":{"loc":{"start":{"line":274,"column":0},"end":{"line":276,"column":null}},"type":"if","locations":[{"start":{"line":274,"column":0},"end":{"line":276,"column":null}}]},"13":{"loc":{"start":{"line":278,"column":0},"end":{"line":281,"column":null}},"type":"if","locations":[{"start":{"line":278,"column":0},"end":{"line":281,"column":null}}]},"14":{"loc":{"start":{"line":282,"column":0},"end":{"line":311,"column":null}},"type":"if","locations":[{"start":{"line":282,"column":0},"end":{"line":311,"column":null}},{"start":{"line":284,"column":0},"end":{"line":311,"column":null}}]},"15":{"loc":{"start":{"line":286,"column":0},"end":{"line":310,"column":null}},"type":"if","locations":[{"start":{"line":286,"column":0},"end":{"line":310,"column":null}},{"start":{"line":288,"column":0},"end":{"line":310,"column":null}}]},"16":{"loc":{"start":{"line":286,"column":0},"end":{"line":286,"column":null}},"type":"binary-expr","locations":[{"start":{"line":286,"column":0},"end":{"line":286,"column":null}},{"start":{"line":286,"column":0},"end":{"line":286,"column":null}}]},"17":{"loc":{"start":{"line":288,"column":0},"end":{"line":310,"column":null}},"type":"if","locations":[{"start":{"line":288,"column":0},"end":{"line":310,"column":null}},{"start":{"line":290,"column":0},"end":{"line":310,"column":null}}]},"18":{"loc":{"start":{"line":288,"column":0},"end":{"line":288,"column":null}},"type":"binary-expr","locations":[{"start":{"line":288,"column":0},"end":{"line":288,"column":null}},{"start":{"line":288,"column":0},"end":{"line":288,"column":null}}]},"19":{"loc":{"start":{"line":290,"column":0},"end":{"line":310,"column":null}},"type":"if","locations":[{"start":{"line":290,"column":0},"end":{"line":310,"column":null}},{"start":{"line":292,"column":0},"end":{"line":310,"column":null}}]},"20":{"loc":{"start":{"line":290,"column":0},"end":{"line":290,"column":null}},"type":"binary-expr","locations":[{"start":{"line":290,"column":0},"end":{"line":290,"column":null}},{"start":{"line":290,"column":0},"end":{"line":290,"column":null}}]},"21":{"loc":{"start":{"line":292,"column":0},"end":{"line":310,"column":null}},"type":"if","locations":[{"start":{"line":292,"column":0},"end":{"line":310,"column":null}},{"start":{"line":294,"column":0},"end":{"line":310,"column":null}}]},"22":{"loc":{"start":{"line":292,"column":0},"end":{"line":292,"column":null}},"type":"binary-expr","locations":[{"start":{"line":292,"column":0},"end":{"line":292,"column":null}},{"start":{"line":292,"column":0},"end":{"line":292,"column":null}}]},"23":{"loc":{"start":{"line":294,"column":0},"end":{"line":310,"column":null}},"type":"if","locations":[{"start":{"line":294,"column":0},"end":{"line":310,"column":null}},{"start":{"line":296,"column":0},"end":{"line":310,"column":null}}]},"24":{"loc":{"start":{"line":294,"column":0},"end":{"line":294,"column":null}},"type":"binary-expr","locations":[{"start":{"line":294,"column":0},"end":{"line":294,"column":null}},{"start":{"line":294,"column":0},"end":{"line":294,"column":null}}]},"25":{"loc":{"start":{"line":296,"column":0},"end":{"line":310,"column":null}},"type":"if","locations":[{"start":{"line":296,"column":0},"end":{"line":310,"column":null}},{"start":{"line":298,"column":0},"end":{"line":310,"column":null}}]},"26":{"loc":{"start":{"line":296,"column":0},"end":{"line":296,"column":null}},"type":"binary-expr","locations":[{"start":{"line":296,"column":0},"end":{"line":296,"column":null}},{"start":{"line":296,"column":0},"end":{"line":296,"column":null}}]},"27":{"loc":{"start":{"line":298,"column":0},"end":{"line":310,"column":null}},"type":"if","locations":[{"start":{"line":298,"column":0},"end":{"line":310,"column":null}},{"start":{"line":300,"column":0},"end":{"line":310,"column":null}}]},"28":{"loc":{"start":{"line":302,"column":0},"end":{"line":308,"column":null}},"type":"if","locations":[{"start":{"line":302,"column":0},"end":{"line":308,"column":null}},{"start":{"line":305,"column":0},"end":{"line":308,"column":null}}]},"29":{"loc":{"start":{"line":305,"column":0},"end":{"line":308,"column":null}},"type":"if","locations":[{"start":{"line":305,"column":0},"end":{"line":308,"column":null}}]},"30":{"loc":{"start":{"line":323,"column":0},"end":{"line":330,"column":null}},"type":"if","locations":[{"start":{"line":323,"column":0},"end":{"line":330,"column":null}},{"start":{"line":326,"column":0},"end":{"line":330,"column":null}}]},"31":{"loc":{"start":{"line":326,"column":0},"end":{"line":330,"column":null}},"type":"if","locations":[{"start":{"line":326,"column":0},"end":{"line":330,"column":null}},{"start":{"line":328,"column":0},"end":{"line":330,"column":null}}]},"32":{"loc":{"start":{"line":339,"column":0},"end":{"line":345,"column":null}},"type":"if","locations":[{"start":{"line":339,"column":0},"end":{"line":345,"column":null}},{"start":{"line":342,"column":0},"end":{"line":345,"column":null}}]}},"s":{"0":0,"1":0,"2":0,"3":0,"4":0,"5":0,"6":0,"7":0,"8":0,"9":0,"10":0,"11":0,"12":0,"13":0,"14":0,"15":0,"16":0,"17":0,"18":0,"19":0,"20":0,"21":0,"22":0,"23":0,"24":0,"25":0,"26":0,"27":0,"28":0,"29":0,"30":0,"31":0,"32":0,"33":0,"34":0,"35":0,"36":0,"37":0,"38":0,"39":0,"40":0,"41":0,"42":0,"43":0,"44":0,"45":0,"46":0,"47":0,"48":0,"49":0,"50":0,"51":0,"52":0,"53":0,"54":0,"55":0,"56":0,"57":0,"58":0,"59":0,"60":0,"61":0,"62":0,"63":0,"64":0,"65":0,"66":0,"67":0,"68":0,"69":0,"70":0,"71":0,"72":0,"73":0,"74":0,"75":0,"76":0,"77":0,"78":0,"79":0,"80":0,"81":0,"82":0,"83":0,"84":0,"85":0,"86":0,"87":0},"f":{"0":0,"1":0,"2":0,"3":0,"4":0,"5":0,"6":0,"7":0,"8":0,"9":0,"10":0,"11":0,"12":0,"13":0},"b":{"0":[0,0],"1":[0,0],"2":[0],"3":[0,0],"4":[0],"5":[0,0],"6":[0,0],"7":[0],"8":[0,0,0],"9":[0],"10":[0,0],"11":[0,0],"12":[0],"13":[0],"14":[0,0],"15":[0,0],"16":[0,0],"17":[0,0],"18":[0,0],"19":[0,0],"20":[0,0],"21":[0,0],"22":[0,0],"23":[0,0],"24":[0,0],"25":[0,0],"26":[0,0],"27":[0,0],"28":[0,0],"29":[0],"30":[0,0],"31":[0,0],"32":[0,0]}}
,"C:\\Users\\大大拂晓\\Documents\\zhouqiii\\project_git\\binfen_activity\\src\\views\\Iframe.vue": {"path":"C:\\Users\\大大拂晓\\Documents\\zhouqiii\\project_git\\binfen_activity\\src\\views\\Iframe.vue","statementMap":{"0":{"start":{"line":32,"column":0},"end":{"line":32,"column":null}},"1":{"start":{"line":36,"column":0},"end":{"line":36,"column":null}},"2":{"start":{"line":46,"column":0},"end":{"line":46,"column":null}},"3":{"start":{"line":48,"column":0},"end":{"line":48,"column":null}},"4":{"start":{"line":51,"column":0},"end":{"line":51,"column":null}},"5":{"start":{"line":52,"column":0},"end":{"line":52,"column":null}},"6":{"start":{"line":55,"column":0},"end":{"line":55,"column":null}},"7":{"start":{"line":59,"column":0},"end":{"line":59,"column":null}},"8":{"start":{"line":60,"column":0},"end":{"line":60,"column":null}},"9":{"start":{"line":69,"column":0},"end":{"line":69,"column":null}},"10":{"start":{"line":70,"column":0},"end":{"line":70,"column":null}},"11":{"start":{"line":74,"column":0},"end":{"line":77,"column":null}},"12":{"start":{"line":75,"column":0},"end":{"line":75,"column":null}},"13":{"start":{"line":76,"column":0},"end":{"line":76,"column":null}}},"fnMap":{"0":{"name":"(anonymous_1)","decl":{"start":{"line":35,"column":0},"end":{"line":35,"column":null}},"loc":{"start":{"line":35,"column":0},"end":{"line":43,"column":null}}},"1":{"name":"(anonymous_2)","decl":{"start":{"line":45,"column":0},"end":{"line":45,"column":null}},"loc":{"start":{"line":45,"column":0},"end":{"line":57,"column":null}}},"2":{"name":"(anonymous_3)","decl":{"start":{"line":58,"column":0},"end":{"line":58,"column":null}},"loc":{"start":{"line":58,"column":0},"end":{"line":66,"column":null}}},"3":{"name":"(anonymous_4)","decl":{"start":{"line":68,"column":0},"end":{"line":68,"column":null}},"loc":{"start":{"line":68,"column":0},"end":{"line":71,"column":null}}},"4":{"name":"(anonymous_5)","decl":{"start":{"line":73,"column":0},"end":{"line":73,"column":null}},"loc":{"start":{"line":73,"column":0},"end":{"line":78,"column":null}}},"5":{"name":"(anonymous_6)","decl":{"start":{"line":74,"column":0},"end":{"line":74,"column":null}},"loc":{"start":{"line":74,"column":0},"end":{"line":77,"column":null}}}},"branchMap":{"0":{"loc":{"start":{"line":48,"column":0},"end":{"line":48,"column":null}},"type":"switch","locations":[{"start":{"line":49,"column":0},"end":{"line":52,"column":null}},{"start":{"line":53,"column":0},"end":{"line":55,"column":null}}]}},"s":{"0":0,"1":0,"2":0,"3":0,"4":0,"5":0,"6":0,"7":0,"8":0,"9":0,"10":0,"11":0,"12":0,"13":0},"f":{"0":0,"1":0,"2":0,"3":0,"4":0,"5":0},"b":{"0":[0,0]}}
,"C:\\Users\\大大拂晓\\Documents\\zhouqiii\\project_git\\binfen_activity\\src\\views\\TinymceText.vue": {"path":"C:\\Users\\大大拂晓\\Documents\\zhouqiii\\project_git\\binfen_activity\\src\\views\\TinymceText.vue","statementMap":{"0":{"start":{"line":46,"column":0},"end":{"line":46,"column":null}},"1":{"start":{"line":54,"column":0},"end":{"line":54,"column":null}},"2":{"start":{"line":63,"column":0},"end":{"line":63,"column":null}},"3":{"start":{"line":64,"column":0},"end":{"line":64,"column":null}},"4":{"start":{"line":65,"column":0},"end":{"line":65,"column":null}},"5":{"start":{"line":68,"column":0},"end":{"line":68,"column":null}},"6":{"start":{"line":71,"column":0},"end":{"line":71,"column":null}}},"fnMap":{"0":{"name":"(anonymous_1)","decl":{"start":{"line":53,"column":0},"end":{"line":53,"column":null}},"loc":{"start":{"line":53,"column":0},"end":{"line":60,"column":null}}},"1":{"name":"(anonymous_2)","decl":{"start":{"line":62,"column":0},"end":{"line":62,"column":null}},"loc":{"start":{"line":62,"column":0},"end":{"line":66,"column":null}}},"2":{"name":"(anonymous_3)","decl":{"start":{"line":67,"column":0},"end":{"line":67,"column":null}},"loc":{"start":{"line":67,"column":0},"end":{"line":69,"column":null}}},"3":{"name":"(anonymous_4)","decl":{"start":{"line":70,"column":0},"end":{"line":70,"column":null}},"loc":{"start":{"line":70,"column":0},"end":{"line":72,"column":null}}},"4":{"name":"(anonymous_5)","decl":{"start":{"line":74,"column":0},"end":{"line":74,"column":null}},"loc":{"start":{"line":74,"column":0},"end":{"line":74,"column":null}}}},"branchMap":{},"s":{"0":0,"1":0,"2":0,"3":0,"4":0,"5":0,"6":0},"f":{"0":0,"1":0,"2":0,"3":0,"4":0},"b":{}}
}
