TN:
SF:src\assets\icons\index.js
FNF:0
FNH:0
DA:5,0
DA:6,0
DA:8,0
LF:3
LH:0
BRF:0
BRH:0
end_of_record
TN:
SF:src\components\Loading.vue
FN:13,(anonymous_1)
FN:19,(anonymous_2)
FN:22,(anonymous_3)
FNF:3
FNH:0
FNDA:0,(anonymous_1)
FNDA:0,(anonymous_2)
FNDA:0,(anonymous_3)
DA:14,0
DA:24,0
LF:2
LH:0
BRF:0
BRH:0
end_of_record
TN:
SF:src\components\NavBar.vue
FN:27,(anonymous_1)
FN:49,(anonymous_2)
FN:53,(anonymous_3)
FNF:3
FNH:0
FNDA:0,(anonymous_1)
FNDA:0,(anonymous_2)
FNDA:0,(anonymous_3)
DA:28,0
DA:50,0
DA:54,0
DA:55,0
LF:4
LH:0
BRDA:54,0,0,0
BRF:1
BRH:0
end_of_record
TN:
SF:src\components\SvgIcon.vue
FN:21,(anonymous_1)
FN:24,(anonymous_2)
FNF:2
FNH:0
FNDA:0,(anonymous_1)
FNDA:0,(anonymous_2)
DA:22,0
DA:25,0
DA:26,0
DA:28,0
LF:4
LH:0
BRDA:25,0,0,0
BRF:1
BRH:0
end_of_record
TN:
SF:src\components\ActivityComponents\Tinymce.vue
FN:37,(anonymous_1)
FN:52,(anonymous_2)
FNF:2
FNH:0
FNDA:0,(anonymous_1)
FNDA:0,(anonymous_2)
DA:12,0
DA:13,0
DA:14,0
DA:15,0
DA:17,0
DA:18,0
DA:20,0
DA:21,0
DA:22,0
DA:23,0
DA:24,0
DA:25,0
DA:26,0
DA:27,0
DA:28,0
DA:29,0
DA:30,0
DA:38,0
DA:53,0
LF:19
LH:0
BRF:0
BRH:0
end_of_record
TN:
SF:src\components\hello-world\hello-world.vue
FN:10,(anonymous_1)
FNF:1
FNH:1
FNDA:1,(anonymous_1)
DA:11,1
LF:1
LH:1
BRF:0
BRH:0
end_of_record
TN:
SF:src\store\index.js
FNF:0
FNH:0
DA:4,0
LF:1
LH:0
BRF:0
BRH:0
end_of_record
TN:
SF:src\utils\commonFn.js
FN:2,(anonymous_0)
FN:22,(anonymous_1)
FN:44,(anonymous_2)
FN:56,(anonymous_3)
FN:62,(anonymous_4)
FN:78,(anonymous_5)
FNF:6
FNH:0
FNDA:0,(anonymous_0)
FNDA:0,(anonymous_1)
FNDA:0,(anonymous_2)
FNDA:0,(anonymous_3)
FNDA:0,(anonymous_4)
FNDA:0,(anonymous_5)
DA:2,0
DA:4,0
DA:5,0
DA:6,0
DA:7,0
DA:8,0
DA:9,0
DA:10,0
DA:11,0
DA:13,0
DA:15,0
DA:22,0
DA:23,0
DA:24,0
DA:25,0
DA:26,0
DA:27,0
DA:28,0
DA:29,0
DA:30,0
DA:31,0
DA:32,0
DA:33,0
DA:34,0
DA:35,0
DA:36,0
DA:37,0
DA:38,0
DA:40,0
DA:44,0
DA:45,0
DA:46,0
DA:48,0
DA:49,0
DA:51,0
DA:52,0
DA:53,0
DA:54,0
DA:55,0
DA:56,0
DA:57,0
DA:58,0
DA:61,0
DA:62,0
DA:63,0
DA:64,0
DA:67,0
DA:68,0
DA:70,0
DA:73,0
DA:78,0
DA:79,0
DA:80,0
DA:81,0
DA:82,0
DA:84,0
LF:56
LH:0
BRDA:6,0,0,0
BRDA:6,0,1,0
BRDA:8,1,0,0
BRDA:8,1,1,0
BRDA:10,2,0,0
BRDA:10,2,1,0
BRDA:23,3,0,0
BRDA:23,3,1,0
BRDA:25,4,0,0
BRDA:25,4,1,0
BRDA:27,5,0,0
BRDA:27,5,1,0
BRDA:29,6,0,0
BRDA:29,6,1,0
BRDA:31,7,0,0
BRDA:31,7,1,0
BRDA:33,8,0,0
BRDA:33,8,1,0
BRDA:35,9,0,0
BRDA:35,9,1,0
BRDA:37,10,0,0
BRDA:37,10,1,0
BRDA:44,11,0,0
BRDA:48,12,0,0
BRDA:48,12,1,0
BRDA:52,13,0,0
BRDA:52,13,1,0
BRDA:54,14,0,0
BRDA:54,14,1,0
BRDA:55,15,0,0
BRDA:55,15,1,0
BRDA:61,16,0,0
BRDA:61,16,1,0
BRDA:67,17,0,0
BRDA:67,17,1,0
BRDA:67,18,0,0
BRDA:67,18,1,0
BRDA:79,19,0,0
BRDA:79,19,1,0
BRDA:79,20,0,0
BRDA:79,20,1,0
BRDA:81,21,0,0
BRDA:81,21,1,0
BRF:43
BRH:0
end_of_record
TN:
SF:src\utils\request.js
FN:21,(anonymous_0)
FN:30,(anonymous_1)
FN:34,(anonymous_2)
FN:37,(anonymous_3)
FN:44,(anonymous_4)
FNF:5
FNH:0
FNDA:0,(anonymous_0)
FNDA:0,(anonymous_1)
FNDA:0,(anonymous_2)
FNDA:0,(anonymous_3)
FNDA:0,(anonymous_4)
DA:8,0
DA:21,0
DA:23,0
DA:30,0
DA:31,0
DA:32,0
DA:33,0
DA:35,0
DA:37,0
DA:38,0
DA:39,0
DA:41,0
DA:43,0
DA:45,0
DA:46,0
DA:48,0
DA:50,0
LF:17
LH:0
BRDA:9,0,0,0
BRDA:9,0,1,0
BRDA:21,1,0,0
BRDA:22,2,0,0
BRDA:22,3,0,0
BRDA:22,4,0,0
BRDA:22,5,0,0
BRDA:38,6,0,0
BRDA:38,6,1,0
BRDA:45,7,0,0
BRDA:45,7,1,0
BRF:11
BRH:0
end_of_record
TN:
SF:src\views\Activity.vue
FN:127,(anonymous_1)
FN:148,(anonymous_2)
FN:150,(anonymous_3)
FN:161,(anonymous_4)
FN:166,(anonymous_5)
FN:174,(anonymous_6)
FN:180,(anonymous_7)
FN:191,(anonymous_8)
FN:209,(anonymous_9)
FN:222,(anonymous_10)
FN:229,(anonymous_11)
FN:245,(anonymous_12)
FN:253,(anonymous_13)
FN:258,(anonymous_14)
FN:262,(anonymous_15)
FN:266,(anonymous_16)
FNF:16
FNH:0
FNDA:0,(anonymous_1)
FNDA:0,(anonymous_2)
FNDA:0,(anonymous_3)
FNDA:0,(anonymous_4)
FNDA:0,(anonymous_5)
FNDA:0,(anonymous_6)
FNDA:0,(anonymous_7)
FNDA:0,(anonymous_8)
FNDA:0,(anonymous_9)
FNDA:0,(anonymous_10)
FNDA:0,(anonymous_11)
FNDA:0,(anonymous_12)
FNDA:0,(anonymous_13)
FNDA:0,(anonymous_14)
FNDA:0,(anonymous_15)
FNDA:0,(anonymous_16)
DA:123,0
DA:128,0
DA:149,0
DA:150,0
DA:159,0
DA:160,0
DA:162,0
DA:167,0
DA:168,0
DA:170,0
DA:171,0
DA:172,0
DA:173,0
DA:174,0
DA:175,0
DA:177,0
DA:181,0
DA:182,0
DA:183,0
DA:184,0
DA:185,0
DA:186,0
DA:189,0
DA:190,0
DA:191,0
DA:192,0
DA:193,0
DA:194,0
DA:195,0
DA:196,0
DA:197,0
DA:199,0
DA:200,0
DA:202,0
DA:205,0
DA:210,0
DA:211,0
DA:218,0
DA:223,0
DA:224,0
DA:225,0
DA:226,0
DA:227,0
DA:228,0
DA:229,0
DA:235,0
DA:236,0
DA:237,0
DA:238,0
DA:239,0
DA:241,0
DA:242,0
DA:243,0
DA:246,0
DA:247,0
DA:248,0
DA:249,0
DA:254,0
DA:255,0
DA:259,0
DA:260,0
DA:263,0
DA:267,0
LF:63
LH:0
BRDA:167,0,0,0
BRDA:172,1,0,0
BRDA:172,1,1,0
BRDA:173,2,0,0
BRDA:173,2,1,0
BRDA:182,3,0,0
BRDA:185,4,0,0
BRDA:189,5,0,0
BRDA:189,5,1,0
BRDA:195,6,0,0
BRDA:195,6,1,0
BRDA:210,7,0,0
BRDA:210,7,1,0
BRDA:225,8,0,0
BRDA:225,8,1,0
BRDA:237,9,0,0
BRDA:237,9,1,0
BRDA:239,10,0,0
BRDA:239,10,1,0
BRDA:242,11,0,0
BRDA:242,11,1,0
BRDA:248,12,0,0
BRDA:248,12,1,0
BRF:23
BRH:0
end_of_record
TN:
SF:src\views\ActivityConfig.vue
FN:177,(anonymous_1)
FN:209,(anonymous_2)
FN:210,(anonymous_3)
FN:220,(anonymous_4)
FN:234,(anonymous_5)
FN:240,(anonymous_6)
FN:246,(anonymous_7)
FN:253,(anonymous_8)
FN:261,(anonymous_9)
FN:278,(anonymous_10)
FN:313,(anonymous_11)
FN:314,(anonymous_12)
FN:331,(anonymous_13)
FN:337,(anonymous_14)
FNF:14
FNH:0
FNDA:0,(anonymous_1)
FNDA:0,(anonymous_2)
FNDA:0,(anonymous_3)
FNDA:0,(anonymous_4)
FNDA:0,(anonymous_5)
FNDA:0,(anonymous_6)
FNDA:0,(anonymous_7)
FNDA:0,(anonymous_8)
FNDA:0,(anonymous_9)
FNDA:0,(anonymous_10)
FNDA:0,(anonymous_11)
FNDA:0,(anonymous_12)
FNDA:0,(anonymous_13)
FNDA:0,(anonymous_14)
DA:173,0
DA:178,0
DA:210,0
DA:211,0
DA:213,0
DA:214,0
DA:215,0
DA:216,0
DA:217,0
DA:221,0
DA:222,0
DA:227,0
DA:228,0
DA:229,0
DA:235,0
DA:236,0
DA:237,0
DA:241,0
DA:242,0
DA:243,0
DA:247,0
DA:248,0
DA:249,0
DA:250,0
DA:254,0
DA:255,0
DA:256,0
DA:257,0
DA:258,0
DA:259,0
DA:260,0
DA:261,0
DA:262,0
DA:263,0
DA:264,0
DA:265,0
DA:269,0
DA:270,0
DA:271,0
DA:272,0
DA:273,0
DA:274,0
DA:275,0
DA:278,0
DA:279,0
DA:280,0
DA:282,0
DA:283,0
DA:285,0
DA:286,0
DA:287,0
DA:288,0
DA:289,0
DA:290,0
DA:291,0
DA:292,0
DA:293,0
DA:294,0
DA:295,0
DA:296,0
DA:297,0
DA:298,0
DA:299,0
DA:301,0
DA:302,0
DA:303,0
DA:304,0
DA:305,0
DA:306,0
DA:307,0
DA:314,0
DA:321,0
DA:322,0
DA:323,0
DA:324,0
DA:325,0
DA:326,0
DA:327,0
DA:329,0
DA:333,0
DA:339,0
DA:340,0
DA:341,0
DA:343,0
DA:344,0
LF:85
LH:0
BRDA:213,0,0,0
BRDA:213,0,1,0
BRDA:221,1,0,0
BRDA:221,1,1,0
BRDA:228,2,0,0
BRDA:236,3,0,0
BRDA:236,3,1,0
BRDA:242,4,0,0
BRDA:248,5,0,0
BRDA:248,5,1,0
BRDA:249,6,0,0
BRDA:249,6,1,0
BRDA:263,7,0,0
BRDA:263,8,0,0
BRDA:263,8,1,0
BRDA:263,8,2,0
BRDA:264,9,0,0
BRDA:264,10,0,0
BRDA:264,10,1,0
BRDA:272,11,0,0
BRDA:272,11,1,0
BRDA:274,12,0,0
BRDA:278,13,0,0
BRDA:282,14,0,0
BRDA:282,14,1,0
BRDA:286,15,0,0
BRDA:286,15,1,0
BRDA:286,16,0,0
BRDA:286,16,1,0
BRDA:288,17,0,0
BRDA:288,17,1,0
BRDA:288,18,0,0
BRDA:288,18,1,0
BRDA:290,19,0,0
BRDA:290,19,1,0
BRDA:290,20,0,0
BRDA:290,20,1,0
BRDA:292,21,0,0
BRDA:292,21,1,0
BRDA:292,22,0,0
BRDA:292,22,1,0
BRDA:294,23,0,0
BRDA:294,23,1,0
BRDA:294,24,0,0
BRDA:294,24,1,0
BRDA:296,25,0,0
BRDA:296,25,1,0
BRDA:296,26,0,0
BRDA:296,26,1,0
BRDA:298,27,0,0
BRDA:298,27,1,0
BRDA:302,28,0,0
BRDA:302,28,1,0
BRDA:305,29,0,0
BRDA:323,30,0,0
BRDA:323,30,1,0
BRDA:326,31,0,0
BRDA:326,31,1,0
BRDA:339,32,0,0
BRDA:339,32,1,0
BRF:60
BRH:0
end_of_record
TN:
SF:src\views\Iframe.vue
FN:35,(anonymous_1)
FN:45,(anonymous_2)
FN:58,(anonymous_3)
FN:68,(anonymous_4)
FN:73,(anonymous_5)
FN:74,(anonymous_6)
FNF:6
FNH:0
FNDA:0,(anonymous_1)
FNDA:0,(anonymous_2)
FNDA:0,(anonymous_3)
FNDA:0,(anonymous_4)
FNDA:0,(anonymous_5)
FNDA:0,(anonymous_6)
DA:32,0
DA:36,0
DA:46,0
DA:48,0
DA:51,0
DA:52,0
DA:55,0
DA:59,0
DA:60,0
DA:69,0
DA:70,0
DA:74,0
DA:75,0
DA:76,0
LF:14
LH:0
BRDA:48,0,0,0
BRDA:48,0,1,0
BRF:2
BRH:0
end_of_record
TN:
SF:src\views\TinymceText.vue
FN:53,(anonymous_1)
FN:62,(anonymous_2)
FN:67,(anonymous_3)
FN:70,(anonymous_4)
FN:74,(anonymous_5)
FNF:5
FNH:0
FNDA:0,(anonymous_1)
FNDA:0,(anonymous_2)
FNDA:0,(anonymous_3)
FNDA:0,(anonymous_4)
FNDA:0,(anonymous_5)
DA:46,0
DA:54,0
DA:63,0
DA:64,0
DA:65,0
DA:68,0
DA:71,0
LF:7
LH:0
BRF:0
BRH:0
end_of_record
